c:\users\c programiranje\source\repos\predavanje5\predavanje5\debug\vc142.pdb
c:\users\c programiranje\source\repos\predavanje5\predavanje5\debug\vc142.idb
c:\users\c programiranje\source\repos\predavanje5\predavanje5\debug\packet.obj
c:\users\c programiranje\source\repos\predavanje5\predavanje5\debug\date.obj
c:\users\c programiranje\source\repos\predavanje5\predavanje5\debug\contract.obj
c:\users\c programiranje\source\repos\predavanje5\predavanje5\debug\application.obj
c:\users\c programiranje\source\repos\predavanje5\predavanje5\debug\address.obj
c:\users\c programiranje\source\repos\predavanje5\predavanje5\debug\contactinfo.obj
c:\users\c programiranje\source\repos\predavanje5\predavanje5\debug\person.obj
c:\users\c programiranje\source\repos\predavanje5\debug\predavanje5.pdb
c:\users\c programiranje\source\repos\predavanje5\predavanje5\debug\predavanje5.tlog\cl.command.1.tlog
c:\users\c programiranje\source\repos\predavanje5\predavanje5\debug\predavanje5.tlog\cl.read.1.tlog
c:\users\c programiranje\source\repos\predavanje5\predavanje5\debug\predavanje5.tlog\cl.write.1.tlog
c:\users\c programiranje\source\repos\predavanje5\predavanje5\debug\predavanje5.tlog\link-cvtres.read.1.tlog
c:\users\c programiranje\source\repos\predavanje5\predavanje5\debug\predavanje5.tlog\link-cvtres.write.1.tlog
c:\users\c programiranje\source\repos\predavanje5\predavanje5\debug\predavanje5.tlog\link-rc.read.1.tlog
c:\users\c programiranje\source\repos\predavanje5\predavanje5\debug\predavanje5.tlog\link-rc.write.1.tlog
c:\users\c programiranje\source\repos\predavanje5\predavanje5\debug\predavanje5.tlog\link.command.1.tlog
c:\users\c programiranje\source\repos\predavanje5\predavanje5\debug\predavanje5.tlog\link.read.1.tlog
c:\users\c programiranje\source\repos\predavanje5\predavanje5\debug\predavanje5.tlog\link.write.1.tlog
